[Thu 07/02/2026  0:17:08.05] === push_backup start mode=manual repo=C:\Users\Kons\Documents\_KE_VibeApps\KE_ArKade ===
[Thu 07/02/2026  0:17:08.28] WARN: origin is not configured yet. Nothing to push.
[Sat 07/04/2026  0:10:22.73] === push_backup start mode=post-commit repo=C:\Users\Kons\Documents\_KE_VibeApps\KE_ArKade ===
[Sat 07/04/2026  0:10:22.90] RUN: git push origin master
To https://github.com/kkoonnss/KE_ArKade.git
   02422b3..6aa518b  master -> master
[Sat 07/04/2026  0:10:27.04] RC=0 for git push origin master
[Sat 07/04/2026  0:10:27.06] RUN: git push origin --tags
To https://github.com/kkoonnss/KE_ArKade.git
 * [new tag]         pre-edit/hub/design-preview-7b11dc0 -> pre-edit/hub/design-preview-7b11dc0
[Sat 07/04/2026  0:10:30.64] RC=0 for git push origin --tags
[Sat 07/04/2026  0:10:30.65] SUCCESS: pushed master and tags.
[Sat 07/04/2026  0:11:22.04] === push_backup start mode=post-commit repo=C:\Users\Kons\Documents\_KE_VibeApps\KE_ArKade ===
[Sat 07/04/2026  0:11:22.19] RUN: git push origin master
To https://github.com/kkoonnss/KE_ArKade.git
   6aa518b..9e65817  master -> master
[Sat 07/04/2026  0:11:26.06] RC=0 for git push origin master
[Sat 07/04/2026  0:11:26.08] RUN: git push origin --tags
Everything up-to-date
[Sat 07/04/2026  0:11:28.20] RC=0 for git push origin --tags
[Sat 07/04/2026  0:11:28.21] SUCCESS: pushed master and tags.
[Sat 07/04/2026  0:12:27.32] === push_backup start mode=post-commit repo=C:\Users\Kons\Documents\_KE_VibeApps\KE_ArKade ===
[Sat 07/04/2026  0:12:27.47] RUN: git push origin master
To https://github.com/kkoonnss/KE_ArKade.git
   9e65817..01e6ab0  master -> master
[Sat 07/04/2026  0:12:31.30] RC=0 for git push origin master
[Sat 07/04/2026  0:12:31.32] RUN: git push origin --tags
Everything up-to-date
[Sat 07/04/2026  0:12:33.25] RC=0 for git push origin --tags
[Sat 07/04/2026  0:12:33.26] SUCCESS: pushed master and tags.
[Sat 07/04/2026  0:17:54.30] === push_backup start mode=post-commit repo=C:\Users\Kons\Documents\_KE_VibeApps\KE_ArKade ===
[Sat 07/04/2026  0:17:54.46] RUN: git push origin master
To https://github.com/kkoonnss/KE_ArKade.git
   01e6ab0..3608bc7  master -> master
[Sat 07/04/2026  0:17:58.18] RC=0 for git push origin master
[Sat 07/04/2026  0:17:58.21] RUN: git push origin --tags
Everything up-to-date
[Sat 07/04/2026  0:18:00.19] RC=0 for git push origin --tags
[Sat 07/04/2026  0:18:00.20] SUCCESS: pushed master and tags.
[Sat 07/04/2026  0:21:27.40] === push_backup start mode=post-commit repo=C:\Users\Kons\Documents\_KE_VibeApps\KE_ArKade ===
[Sat 07/04/2026  0:21:27.57] RUN: git push origin master
To https://github.com/kkoonnss/KE_ArKade.git
   3608bc7..93e4a51  master -> master
[Sat 07/04/2026  0:21:31.32] RC=0 for git push origin master
[Sat 07/04/2026  0:21:31.34] RUN: git push origin --tags
To https://github.com/kkoonnss/KE_ArKade.git
 * [new tag]         pre-edit/hub/levels-scene-propagation-3608bc7 -> pre-edit/hub/levels-scene-propagation-3608bc7
[Sat 07/04/2026  0:21:34.90] RC=0 for git push origin --tags
[Sat 07/04/2026  0:21:34.91] SUCCESS: pushed master and tags.
[Sat 07/04/2026  0:22:35.08] === push_backup start mode=post-commit repo=C:\Users\Kons\Documents\_KE_VibeApps\KE_ArKade ===
[Sat 07/04/2026  0:22:35.25] RUN: git push origin master
To https://github.com/kkoonnss/KE_ArKade.git
   93e4a51..4e91ce3  master -> master
[Sat 07/04/2026  0:22:38.93] RC=0 for git push origin master
[Sat 07/04/2026  0:22:38.95] RUN: git push origin --tags
Everything up-to-date
[Sat 07/04/2026  0:22:40.93] RC=0 for git push origin --tags
[Sat 07/04/2026  0:22:40.94] SUCCESS: pushed master and tags.
[Sat 07/04/2026  0:33:53.54] === push_backup start mode=post-commit repo=C:\Users\Kons\Documents\_KE_VibeApps\KE_ArKade ===
[Sat 07/04/2026  0:33:53.73] RUN: git push origin master
To https://github.com/kkoonnss/KE_ArKade.git
   4e91ce3..ad3e61e  master -> master
[Sat 07/04/2026  0:33:58.02] RC=0 for git push origin master
[Sat 07/04/2026  0:33:58.05] RUN: git push origin --tags
Everything up-to-date
[Sat 07/04/2026  0:34:00.12] RC=0 for git push origin --tags
[Sat 07/04/2026  0:34:00.14] SUCCESS: pushed master and tags.
[Sat 07/04/2026  0:38:14.51] === push_backup start mode=post-commit repo=C:\Users\Kons\Documents\_KE_VibeApps\KE_ArKade ===
[Sat 07/04/2026  0:38:14.68] RUN: git push origin master
To https://github.com/kkoonnss/KE_ArKade.git
   ad3e61e..e234e00  master -> master
[Sat 07/04/2026  0:38:18.37] RC=0 for git push origin master
[Sat 07/04/2026  0:38:18.40] RUN: git push origin --tags
To https://github.com/kkoonnss/KE_ArKade.git
 * [new tag]         pre-edit/hub/derive-cancel-ad3e61e -> pre-edit/hub/derive-cancel-ad3e61e
[Sat 07/04/2026  0:38:22.02] RC=0 for git push origin --tags
[Sat 07/04/2026  0:38:22.04] SUCCESS: pushed master and tags.
[Sat 07/04/2026  0:39:27.01] === push_backup start mode=post-commit repo=C:\Users\Kons\Documents\_KE_VibeApps\KE_ArKade ===
[Sat 07/04/2026  0:39:27.17] RUN: git push origin master
To https://github.com/kkoonnss/KE_ArKade.git
   e234e00..394f849  master -> master
[Sat 07/04/2026  0:39:30.82] RC=0 for git push origin master
[Sat 07/04/2026  0:39:30.84] RUN: git push origin --tags
Everything up-to-date
[Sat 07/04/2026  0:39:32.79] RC=0 for git push origin --tags
[Sat 07/04/2026  0:39:32.80] SUCCESS: pushed master and tags.
[Sat 07/04/2026  0:40:02.01] === push_backup start mode=post-commit repo=C:\Users\Kons\Documents\_KE_VibeApps\KE_ArKade ===
[Sat 07/04/2026  0:40:02.18] RUN: git push origin master
To https://github.com/kkoonnss/KE_ArKade.git
   394f849..efb13c1  master -> master
[Sat 07/04/2026  0:40:05.86] RC=0 for git push origin master
[Sat 07/04/2026  0:40:05.89] RUN: git push origin --tags
Everything up-to-date
[Sat 07/04/2026  0:40:07.87] RC=0 for git push origin --tags
[Sat 07/04/2026  0:40:07.89] SUCCESS: pushed master and tags.
[Sat 07/04/2026  0:46:58.56] === push_backup start mode=post-commit repo=C:\Users\Kons\Documents\_KE_VibeApps\KE_ArKade ===
[Sat 07/04/2026  0:46:58.74] RUN: git push origin master
To https://github.com/kkoonnss/KE_ArKade.git
   efb13c1..029dacf  master -> master
[Sat 07/04/2026  0:47:02.67] RC=0 for git push origin master
[Sat 07/04/2026  0:47:02.69] RUN: git push origin --tags
Everything up-to-date
[Sat 07/04/2026  0:47:04.78] RC=0 for git push origin --tags
[Sat 07/04/2026  0:47:04.80] SUCCESS: pushed master and tags.
[Sat 07/04/2026  0:48:52.48] === push_backup start mode=post-commit repo=C:\Users\Kons\Documents\_KE_VibeApps\KE_ArKade ===
[Sat 07/04/2026  0:48:52.65] RUN: git push origin master
To https://github.com/kkoonnss/KE_ArKade.git
   029dacf..f619614  master -> master
[Sat 07/04/2026  0:48:56.30] RC=0 for git push origin master
[Sat 07/04/2026  0:48:56.32] RUN: git push origin --tags
Everything up-to-date
[Sat 07/04/2026  0:48:58.32] RC=0 for git push origin --tags
[Sat 07/04/2026  0:48:58.34] SUCCESS: pushed master and tags.
[Sat 07/04/2026  5:18:57.31] === push_backup start mode=post-commit repo=C:\Users\Kons\Documents\_KE_VibeApps\KE_ArKade ===
[Sat 07/04/2026  5:18:57.47] RUN: git push origin master
To https://github.com/kkoonnss/KE_ArKade.git
   f619614..5de443e  master -> master
[Sat 07/04/2026  5:19:01.91] RC=0 for git push origin master
[Sat 07/04/2026  5:19:01.93] RUN: git push origin --tags
Everything up-to-date
[Sat 07/04/2026  5:19:03.92] RC=0 for git push origin --tags
[Sat 07/04/2026  5:19:03.93] SUCCESS: pushed master and tags.
[Sat 07/04/2026  5:20:10.55] === push_backup start mode=post-commit repo=C:\Users\Kons\Documents\_KE_VibeApps\KE_ArKade ===
[Sat 07/04/2026  5:20:10.69] RUN: git push origin master
To https://github.com/kkoonnss/KE_ArKade.git
   5de443e..d97ceb3  master -> master
[Sat 07/04/2026  5:20:14.22] RC=0 for git push origin master
[Sat 07/04/2026  5:20:14.24] RUN: git push origin --tags
Everything up-to-date
[Sat 07/04/2026  5:20:16.18] RC=0 for git push origin --tags
[Sat 07/04/2026  5:20:16.20] SUCCESS: pushed master and tags.
[Sat 07/04/2026 14:38:54.24] === push_backup start mode=post-commit repo=C:\Users\Kons\Documents\_KE_VibeApps\KE_ArKade ===
[Sat 07/04/2026 14:38:54.39] RUN: git push origin master
To https://github.com/kkoonnss/KE_ArKade.git
   d97ceb3..c1864ce  master -> master
[Sat 07/04/2026 14:38:58.96] RC=0 for git push origin master
[Sat 07/04/2026 14:38:58.98] RUN: git push origin --tags
To https://github.com/kkoonnss/KE_ArKade.git
 * [new tag]         pre-edit/shared/tab-settings-standard/c1864ce -> pre-edit/shared/tab-settings-standard/c1864ce
[Sat 07/04/2026 14:39:02.61] RC=0 for git push origin --tags
[Sat 07/04/2026 14:39:02.62] SUCCESS: pushed master and tags.
[Sat 07/04/2026 17:52:58.78] === push_backup start mode=manual repo=C:\Users\Kons\Documents\_KE_VibeApps\KE_ArKade ===
[Sat 07/04/2026 17:52:59.04] RUN: git push origin master
To https://github.com/kkoonnss/KE_ArKade.git
   c1864ce..89c11dd  master -> master
[Sat 07/04/2026 17:53:03.31] RC=0 for git push origin master
[Sat 07/04/2026 17:53:03.33] RUN: git push origin --tags
Everything up-to-date
[Sat 07/04/2026 17:53:05.50] RC=0 for git push origin --tags
[Sat 07/04/2026 17:53:05.51] SUCCESS: pushed master and tags.
[Sat 07/04/2026 18:18:21.00] === push_backup start mode=manual repo=C:\Users\Kons\Documents\_KE_VibeApps\KE_ArKade ===
[Sat 07/04/2026 18:18:21.26] RUN: git push origin master
To https://github.com/kkoonnss/KE_ArKade.git
   89c11dd..ef337dd  master -> master
[Sat 07/04/2026 18:18:25.60] RC=0 for git push origin master
[Sat 07/04/2026 18:18:25.62] RUN: git push origin --tags
Everything up-to-date
[Sat 07/04/2026 18:18:28.03] RC=0 for git push origin --tags
[Sat 07/04/2026 18:18:28.04] SUCCESS: pushed master and tags.
[Sat 07/04/2026 19:34:49.35] === push_backup start mode=post-commit repo=C:\Users\Kons\Documents\_KE_VibeApps\KE_ArKade ===
[Sat 07/04/2026 19:34:49.54] RUN: git push origin master
To https://github.com/kkoonnss/KE_ArKade.git
   ef337dd..16d0a44  master -> master
[Sat 07/04/2026 19:34:55.37] RC=0 for git push origin master
[Sat 07/04/2026 19:34:55.39] RUN: git push origin --tags
To https://github.com/kkoonnss/KE_ArKade.git
 * [new tag]         pre-edit/cart/pacman-skin-ef337dd -> pre-edit/cart/pacman-skin-ef337dd
 * [new tag]         pre-edit/hub/skin-cycle-ef337dd -> pre-edit/hub/skin-cycle-ef337dd
[Sat 07/04/2026 19:34:59.64] RC=0 for git push origin --tags
[Sat 07/04/2026 19:34:59.65] SUCCESS: pushed master and tags.
[Sat 07/04/2026 19:34:59.71] RUN: git push origin master
Everything up-to-date
[Sat 07/04/2026 19:35:01.94] RC=0 for git push origin master
[Sat 07/04/2026 19:35:01.96] RUN: git push origin --tags
Everything up-to-date
[Sat 07/04/2026 19:35:04.26] RC=0 for git push origin --tags
[Sat 07/04/2026 19:35:04.27] SUCCESS: pushed master and tags.
[Sat 07/04/2026 19:59:24.88] === push_backup start mode=post-commit repo=C:\Users\Kons\Documents\_KE_VibeApps\KE_ArKade ===
[Sat 07/04/2026 19:59:25.04] RUN: git push origin master
To https://github.com/kkoonnss/KE_ArKade.git
   16d0a44..98b690d  master -> master
[Sat 07/04/2026 19:59:28.78] RC=0 for git push origin master
[Sat 07/04/2026 19:59:28.80] RUN: git push origin --tags
Everything up-to-date
[Sat 07/04/2026 19:59:30.76] RC=0 for git push origin --tags
[Sat 07/04/2026 19:59:30.78] SUCCESS: pushed master and tags.
[Sat 07/04/2026 19:59:38.17] === push_backup start mode=manual repo=C:\Users\Kons\Documents\_KE_VibeApps\KE_ArKade ===
[Sat 07/04/2026 19:59:38.37] RUN: git push origin master
Everything up-to-date
[Sat 07/04/2026 19:59:40.61] RC=0 for git push origin master
[Sat 07/04/2026 19:59:40.63] RUN: git push origin --tags
Everything up-to-date
[Sat 07/04/2026 19:59:42.80] RC=0 for git push origin --tags
[Sat 07/04/2026 19:59:42.81] SUCCESS: pushed master and tags.
[Sat 07/04/2026 20:07:54.77] === push_backup start mode=post-commit repo=C:\Users\Kons\Documents\_KE_VibeApps\KE_ArKade ===
[Sat 07/04/2026 20:07:54.94] RUN: git push origin master
To https://github.com/kkoonnss/KE_ArKade.git
   98b690d..291d1bf  master -> master
[Sat 07/04/2026 20:07:58.58] RC=0 for git push origin master
[Sat 07/04/2026 20:07:58.60] RUN: git push origin --tags
Everything up-to-date
[Sat 07/04/2026 20:08:00.70] RC=0 for git push origin --tags
[Sat 07/04/2026 20:08:00.71] SUCCESS: pushed master and tags.
[Sat 07/04/2026 20:09:52.83] === push_backup start mode=manual repo=C:\Users\Kons\Documents\_KE_VibeApps\KE_ArKade ===
[Sat 07/04/2026 20:09:53.07] RUN: git push origin master
Everything up-to-date
[Sat 07/04/2026 20:09:55.46] RC=0 for git push origin master
[Sat 07/04/2026 20:09:55.47] RUN: git push origin --tags
Everything up-to-date
[Sat 07/04/2026 20:09:57.87] RC=0 for git push origin --tags
[Sat 07/04/2026 20:09:57.88] SUCCESS: pushed master and tags.
